<?xml version="1.0" encoding="utf-8"?><testsuites name="pytest tests"><testsuite name="pytest" errors="0" failures="0" skipped="0" tests="6" time="1.086" timestamp="2026-08-10T07:46:41.230830+00:00" hostname="agent-env-0644d7e0-48f9-483e-96c9-31f61a0682be"><testcase classname="tests.test_marketplace_api" name="test_projects_seed_and_shape" time="0.178" /><testcase classname="tests.test_marketplace_api" name="test_project_detail" time="0.096" /><testcase classname="tests.test_marketplace_api" name="test_search_filter_sort" time="0.089" /><testcase classname="tests.test_marketplace_api" name="test_payment_requires_auth" time="0.043" /><testcase classname="tests.test_marketplace_api" name="test_payment_is_pending_boundary_with_header" time="0.081" /><testcase classname="tests.test_marketplace_api" name="test_protected_purchases" time="0.080" /></testsuite></testsuites>